<?xml version="1.0" encoding="UTF-8"?>
  <testsuite tests="1" failures="0" time="10.980933174"></testsuite>