<?xml version="1.0" encoding="UTF-8"?>
  <testsuite tests="1" failures="0" time="80.117708935">
      <testcase name="Postgres Test General should running successfully" classname="e2e Suite" time="0">
          <skipped></skipped>
      </testcase>
      <testcase name="Postgres Test General With PVC should running successfully" classname="e2e Suite" time="0">
          <skipped></skipped>
      </testcase>
      <testcase name="Postgres Test General With PVC With StorageClassName should running successfully" classname="e2e Suite" time="0">
          <skipped></skipped>
      </testcase>
      <testcase name="Postgres Test DoNotPause should work successfully" classname="e2e Suite" time="0">
          <skipped></skipped>
      </testcase>
      <testcase name="Postgres Test Snapshot In Local should take Snapshot successfully" classname="e2e Suite" time="80.074867276"></testcase>
  </testsuite>