<?xml version="1.0" encoding="UTF-8"?>
  <testsuite tests="1" failures="1" time="474.202672861">
      <testcase name="Postgres Test General - should run successfully" classname="e2e Suite" time="0">
          <skipped></skipped>
      </testcase>
      <testcase name="Postgres Test General With PVC should run successfully" classname="e2e Suite" time="0">
          <skipped></skipped>
      </testcase>
      <testcase name="Postgres Test DoNotPause should work successfully" classname="e2e Suite" time="0">
          <skipped></skipped>
      </testcase>
      <testcase name="Postgres Test Snapshot In Local should take Snapshot successfully" classname="e2e Suite" time="0">
          <skipped></skipped>
      </testcase>
      <testcase name="Postgres Test Snapshot In S3 should take Snapshot successfully" classname="e2e Suite" time="0">
          <skipped></skipped>
      </testcase>
      <testcase name="Postgres Test Snapshot In GCS should take Snapshot successfully" classname="e2e Suite" time="0">
          <skipped></skipped>
      </testcase>
      <testcase name="Postgres Test Snapshot In Azure should take Snapshot successfully" classname="e2e Suite" time="0">
          <skipped></skipped>
      </testcase>
      <testcase name="Postgres Test Snapshot In Swift should take Snapshot successfully" classname="e2e Suite" time="0">
          <skipped></skipped>
      </testcase>
      <testcase name="Postgres Test Initialize With Script should run successfully" classname="e2e Suite" time="0">
          <skipped></skipped>
      </testcase>
      <testcase name="Postgres Test Initialize With Snapshot should run successfully" classname="e2e Suite" time="0">
          <skipped></skipped>
      </testcase>
      <testcase name="Postgres Test Resume - should resume DormantDatabase successfully" classname="e2e Suite" time="0">
          <skipped></skipped>
      </testcase>
      <testcase name="Postgres Test Resume With Init should resume DormantDatabase successfully" classname="e2e Suite" time="0">
          <skipped></skipped>
      </testcase>
      <testcase name="Postgres Test Resume With original Postgres should resume DormantDatabase successfully" classname="e2e Suite" time="0">
          <skipped></skipped>
      </testcase>
      <testcase name="Postgres Test Resume With original Postgres with init should resume DormantDatabase successfully" classname="e2e Suite" time="0">
          <skipped></skipped>
      </testcase>
      <testcase name="Postgres Test SnapshotScheduler With Startup should run schedular successfully" classname="e2e Suite" time="0">
          <skipped></skipped>
      </testcase>
      <testcase name="Postgres Test SnapshotScheduler With Update should run schedular successfully" classname="e2e Suite" time="0">
          <skipped></skipped>
      </testcase>
      <testcase name="Postgres Test Archive with wal-g should archive successfully" classname="e2e Suite" time="470.296672884">
          <failure type="Failure">/home/shahriar/go/src/github.com/kubedb/postgres/test/e2e/postgres_test.go:586&#xA;Timed out after 300.196s.&#xA;Expected&#xA;    &lt;bool&gt;: false&#xA;to be true&#xA;/home/shahriar/go/src/github.com/kubedb/postgres/test/e2e/postgres_test.go:639</failure>
          <system-out>[BeforeEach] Postgres&#xA;  /home/shahriar/go/src/github.com/kubedb/postgres/test/e2e/postgres_test.go:36&#xA;[BeforeEach] Archive with wal-g&#xA;  /home/shahriar/go/src/github.com/kubedb/postgres/test/e2e/postgres_test.go:574&#xA;[It] should archive successfully&#xA;  /home/shahriar/go/src/github.com/kubedb/postgres/test/e2e/postgres_test.go:586&#xA;�[1mSTEP�[0m: Create Postgres: postgres-s2n5en&#xA;�[1mSTEP�[0m: Wait for Running postgres&#xA;�[1mSTEP�[0m: Creating Schema&#xA;�[1mSTEP�[0m: Creating Table&#xA;�[1mSTEP�[0m: Checking Table&#xA;�[1mSTEP�[0m: Checking Archive&#xA;�[1mSTEP�[0m: Create Postgres: postgres-shblva&#xA;�[1mSTEP�[0m: Wait for Running postgres&#xA;�[1mSTEP�[0m: Creating Table&#xA;[AfterEach] Postgres&#xA;  /home/shahriar/go/src/github.com/kubedb/postgres/test/e2e/postgres_test.go:80&#xA;�[1mSTEP�[0m: Delete postgres: postgres-shblva&#xA;�[1mSTEP�[0m: Wait for postgres to be paused&#xA;�[1mSTEP�[0m: WipeOut postgres: postgres-shblva&#xA;�[1mSTEP�[0m: Wait for postgres to be wipedOut&#xA;�[1mSTEP�[0m: Delete postgres: postgres-s2n5en&#xA;�[1mSTEP�[0m: Wait for postgres to be paused&#xA;�[1mSTEP�[0m: WipeOut postgres: postgres-s2n5en&#xA;�[1mSTEP�[0m: Wait for postgres to be wipedOut&#xA;</system-out>
      </testcase>
  </testsuite>