<?xml version="1.0" encoding="UTF-8"?>
  <testsuite tests="14" failures="0" time="2046.459611349">
      <testcase name="Postgres Test General - should run successfully" classname="e2e Suite" time="82.179161735"></testcase>
      <testcase name="Postgres Test General With PVC should run successfully" classname="e2e Suite" time="98.021269953"></testcase>
      <testcase name="Postgres Test DoNotPause should work successfully" classname="e2e Suite" time="83.660037793"></testcase>
      <testcase name="Postgres Test Snapshot In Local should take Snapshot successfully" classname="e2e Suite" time="136.358531787"></testcase>
      <testcase name="Postgres Test Snapshot In S3 should take Snapshot successfully" classname="e2e Suite" time="107.602814677"></testcase>
      <testcase name="Postgres Test Snapshot In GCS should take Snapshot successfully" classname="e2e Suite" time="101.621715523"></testcase>
      <testcase name="Postgres Test Snapshot In Azure should take Snapshot successfully" classname="e2e Suite" time="114.828070215"></testcase>
      <testcase name="Postgres Test Snapshot In Swift should take Snapshot successfully" classname="e2e Suite" time="117.645603636"></testcase>
      <testcase name="Postgres Test Initialize With Script should run successfully" classname="e2e Suite" time="81.917924345"></testcase>
      <testcase name="Postgres Test Initialize With Snapshot should run successfully" classname="e2e Suite" time="338.715009596"></testcase>
      <testcase name="Postgres Test Resume - should resume DormantDatabase successfully" classname="e2e Suite" time="161.287639031"></testcase>
      <testcase name="Postgres Test Resume With Init should resume DormantDatabase successfully" classname="e2e Suite" time="159.612280101"></testcase>
      <testcase name="Postgres Test SnapshotScheduler With Startup should run schedular successfully" classname="e2e Suite" time="215.91284225"></testcase>
      <testcase name="Postgres Test SnapshotScheduler With Update should run schedular successfully" classname="e2e Suite" time="243.77710303"></testcase>
  </testsuite>